<?xml version="1.0" encoding="UTF-8"?>
<!-- Generated by org.testng.reporters.JUnitReportReporter -->
<testsuite skipped="0" hostname="Lenovo" name="com.qa.test.GetAPITest" tests="1" failures="0" timestamp="11 Mar 2020 12:35:50 GMT" time="4.317" errors="0">
  <testcase name="getAPITest" time="4.317" classname="com.qa.test.GetAPITest"/>
</testsuite> <!-- com.qa.test.GetAPITest -->
